# JRE version: OpenJDK Runtime Environment (8.0_242) (build 1.8.0_242-release-1644-b3-6915495)
# Java VM: OpenJDK 64-Bit Server VM (25.242-b3-6915495 mixed mode bsd-amd64 compressed oops)
Heap:
 PSYoungGen      total 154624K, used 19947K [0x00000007e5d80000, 0x00000007f0800000, 0x00000007f0800000)
  eden space 134656K, 0% used [0x00000007e5d80000,0x00000007e5d80000,0x00000007ee100000)
  from space 19968K, 99% used [0x00000007ee100000,0x00000007ef47aef0,0x00000007ef480000)
  to   space 19968K, 0% used [0x00000007ef480000,0x00000007ef480000,0x00000007f0800000)
 ParOldGen       total 175104K, used 28552K [0x00000007d0800000, 0x00000007db300000, 0x00000007e5d80000)
  object space 175104K, 16% used [0x00000007d0800000,0x00000007d23e2398,0x00000007db300000)
 Metaspace       used 56314K, capacity 59062K, committed 59160K, reserved 1099776K
  class space    used 7690K, capacity 8296K, committed 8320K, reserved 1048576K
GC Heap History (10 events):
Event: 12.271 GC heap after
Heap after GC invocations=7 (full 1):
 PSYoungGen      total 159232K, used 10563K [0x00000007e5d80000, 0x00000007f0800000, 0x00000007f0800000)
  eden space 143360K, 0% used [0x00000007e5d80000,0x00000007e5d80000,0x00000007ee980000)
  from space 15872K, 66% used [0x00000007ef880000,0x00000007f02d0fe0,0x00000007f0800000)
  to   space 15360K, 0% used [0x00000007ee980000,0x00000007ee980000,0x00000007ef880000)
 ParOldGen       total 175104K, used 11172K [0x00000007d0800000, 0x00000007db300000, 0x00000007e5d80000)
  object space 175104K, 6% used [0x00000007d0800000,0x00000007d12e9368,0x00000007db300000)
 Metaspace       used 34210K, capacity 35466K, committed 35496K, reserved 1079296K
  class space    used 4683K, capacity 4986K, committed 4992K, reserved 1048576K
}
Event: 12.271 GC heap before
{Heap before GC invocations=8 (full 2):
 PSYoungGen      total 159232K, used 10563K [0x00000007e5d80000, 0x00000007f0800000, 0x00000007f0800000)
  eden space 143360K, 0% used [0x00000007e5d80000,0x00000007e5d80000,0x00000007ee980000)
  from space 15872K, 66% used [0x00000007ef880000,0x00000007f02d0fe0,0x00000007f0800000)
  to   space 15360K, 0% used [0x00000007ee980000,0x00000007ee980000,0x00000007ef880000)
 ParOldGen       total 175104K, used 11172K [0x00000007d0800000, 0x00000007db300000, 0x00000007e5d80000)
  object space 175104K, 6% used [0x00000007d0800000,0x00000007d12e9368,0x00000007db300000)
 Metaspace       used 34210K, capacity 35466K, committed 35496K, reserved 1079296K
  class space    used 4683K, capacity 4986K, committed 4992K, reserved 1048576K
Event: 12.371 GC heap after
Heap after GC invocations=8 (full 2):
 PSYoungGen      total 159232K, used 0K [0x00000007e5d80000, 0x00000007f0800000, 0x00000007f0800000)
  eden space 143360K, 0% used [0x00000007e5d80000,0x00000007e5d80000,0x00000007ee980000)
  from space 15872K, 0% used [0x00000007ef880000,0x00000007ef880000,0x00000007f0800000)
  to   space 15360K, 0% used [0x00000007ee980000,0x00000007ee980000,0x00000007ef880000)
 ParOldGen       total 175104K, used 17190K [0x00000007d0800000, 0x00000007db300000, 0x00000007e5d80000)
  object space 175104K, 9% used [0x00000007d0800000,0x00000007d18c9b00,0x00000007db300000)
 Metaspace       used 34210K, capacity 35466K, committed 35496K, reserved 1079296K
  class space    used 4683K, capacity 4986K, committed 4992K, reserved 1048576K
}
Event: 14.378 GC heap before
{Heap before GC invocations=9 (full 2):
 PSYoungGen      total 159232K, used 143360K [0x00000007e5d80000, 0x00000007f0800000, 0x00000007f0800000)
  eden space 143360K, 100% used [0x00000007e5d80000,0x00000007ee980000,0x00000007ee980000)
  from space 15872K, 0% used [0x00000007ef880000,0x00000007ef880000,0x00000007f0800000)
  to   space 15360K, 0% used [0x00000007ee980000,0x00000007ee980000,0x00000007ef880000)
 ParOldGen       total 175104K, used 17190K [0x00000007d0800000, 0x00000007db300000, 0x00000007e5d80000)
  object space 175104K, 9% used [0x00000007d0800000,0x00000007d18c9b00,0x00000007db300000)
 Metaspace       used 38995K, capacity 40940K, committed 41216K, reserved 1085440K
  class space    used 5384K, capacity 5868K, committed 5888K, reserved 1048576K
Event: 14.393 GC heap after
Heap after GC invocations=9 (full 2):
 PSYoungGen      total 154112K, used 10571K [0x00000007e5d80000, 0x00000007f0680000, 0x00000007f0800000)
  eden space 143360K, 0% used [0x00000007e5d80000,0x00000007e5d80000,0x00000007ee980000)
  from space 10752K, 98% used [0x00000007ee980000,0x00000007ef3d2d18,0x00000007ef400000)
  to   space 14848K, 0% used [0x00000007ef800000,0x00000007ef800000,0x00000007f0680000)
 ParOldGen       total 175104K, used 17198K [0x00000007d0800000, 0x00000007db300000, 0x00000007e5d80000)
  object space 175104K, 9% used [0x00000007d0800000,0x00000007d18cbb00,0x00000007db300000)
 Metaspace       used 38995K, capacity 40940K, committed 41216K, reserved 1085440K
  class space    used 5384K, capacity 5868K, committed 5888K, reserved 1048576K
}
Event: 17.405 GC heap before
{Heap before GC invocations=10 (full 2):
 PSYoungGen      total 154112K, used 153931K [0x00000007e5d80000, 0x00000007f0680000, 0x00000007f0800000)
  eden space 143360K, 100% used [0x00000007e5d80000,0x00000007ee980000,0x00000007ee980000)
  from space 10752K, 98% used [0x00000007ee980000,0x00000007ef3d2d18,0x00000007ef400000)
  to   space 14848K, 0% used [0x00000007ef800000,0x00000007ef800000,0x00000007f0680000)
 ParOldGen       total 175104K, used 17198K [0x00000007d0800000, 0x00000007db300000, 0x00000007e5d80000)
  object space 175104K, 9% used [0x00000007d0800000,0x00000007d18cbb00,0x00000007db300000)
 Metaspace       used 52353K, capacity 54730K, committed 55040K, reserved 1097728K
  class space    used 7028K, capacity 7596K, committed 7680K, reserved 1048576K
Event: 17.447 GC heap after
Heap after GC invocations=10 (full 2):
 PSYoungGen      total 149504K, used 14820K [0x00000007e5d80000, 0x00000007f0800000, 0x00000007f0800000)
  eden space 134656K, 0% used [0x00000007e5d80000,0x00000007e5d80000,0x00000007ee100000)
  from space 14848K, 99% used [0x00000007ef800000,0x00000007f0679178,0x00000007f0680000)
  to   space 19968K, 0% used [0x00000007ee100000,0x00000007ee100000,0x00000007ef480000)
 ParOldGen       total 175104K, used 25821K [0x00000007d0800000, 0x00000007db300000, 0x00000007e5d80000)
  object space 175104K, 14% used [0x00000007d0800000,0x00000007d21374a8,0x00000007db300000)
 Metaspace       used 52353K, capacity 54730K, committed 55040K, reserved 1097728K
  class space    used 7028K, capacity 7596K, committed 7680K, reserved 1048576K
}
Event: 21.403 GC heap before
{Heap before GC invocations=11 (full 2):
 PSYoungGen      total 149504K, used 91134K [0x00000007e5d80000, 0x00000007f0800000, 0x00000007f0800000)
  eden space 134656K, 56% used [0x00000007e5d80000,0x00000007ea806740,0x00000007ee100000)
  from space 14848K, 99% used [0x00000007ef800000,0x00000007f0679178,0x00000007f0680000)
  to   space 19968K, 0% used [0x00000007ee100000,0x00000007ee100000,0x00000007ef480000)
 ParOldGen       total 175104K, used 25821K [0x00000007d0800000, 0x00000007db300000, 0x00000007e5d80000)
  object space 175104K, 14% used [0x00000007d0800000,0x00000007d21374a8,0x00000007db300000)
 Metaspace       used 56314K, capacity 59062K, committed 59160K, reserved 1099776K
  class space    used 7690K, capacity 8296K, committed 8320K, reserved 1048576K
Event: 21.433 GC heap after
Heap after GC invocations=11 (full 2):
 PSYoungGen      total 154624K, used 19947K [0x00000007e5d80000, 0x00000007f0800000, 0x00000007f0800000)
  eden space 134656K, 0% used [0x00000007e5d80000,0x00000007e5d80000,0x00000007ee100000)
  from space 19968K, 99% used [0x00000007ee100000,0x00000007ef47aef0,0x00000007ef480000)
  to   space 19968K, 0% used [0x00000007ef480000,0x00000007ef480000,0x00000007f0800000)
 ParOldGen       total 175104K, used 28552K [0x00000007d0800000, 0x00000007db300000, 0x00000007e5d80000)
  object space 175104K, 16% used [0x00000007d0800000,0x00000007d23e2398,0x00000007db300000)
 Metaspace       used 56314K, capacity 59062K, committed 59160K, reserved 1099776K
  class space    used 7690K, capacity 8296K, committed 8320K, reserved 1048576K
}
Event: 21.433 GC heap before
{Heap before GC invocations=12 (full 3):
 PSYoungGen      total 154624K, used 19947K [0x00000007e5d80000, 0x00000007f0800000, 0x00000007f0800000)
  eden space 134656K, 0% used [0x00000007e5d80000,0x00000007e5d80000,0x00000007ee100000)
  from space 19968K, 99% used [0x00000007ee100000,0x00000007ef47aef0,0x00000007ef480000)
  to   space 19968K, 0% used [0x00000007ef480000,0x00000007ef480000,0x00000007f0800000)
 ParOldGen       total 175104K, used 28552K [0x00000007d0800000, 0x00000007db300000, 0x00000007e5d80000)
  object space 175104K, 16% used [0x00000007d0800000,0x00000007d23e2398,0x00000007db300000)
 Metaspace       used 56314K, capacity 59062K, committed 59160K, reserved 1099776K
  class space    used 7690K, capacity 8296K, committed 8320K, reserved 1048576K

