# JRE version: OpenJDK Runtime Environment (8.0_242) (build 1.8.0_242-release-1644-b3-6915495)
# Java VM: OpenJDK 64-Bit Server VM (25.242-b3-6915495 mixed mode bsd-amd64 compressed oops)
Heap:
 PSYoungGen      total 141824K, used 85574K [0x00000007e5d80000, 0x00000007f0800000, 0x00000007f0800000)
  eden space 131072K, 65% used [0x00000007e5d80000,0x00000007eb111b50,0x00000007edd80000)
  from space 10752K, 0% used [0x00000007edd80000,0x00000007edd80000,0x00000007ee800000)
  to   space 10752K, 0% used [0x00000007efd80000,0x00000007efd80000,0x00000007f0800000)
 ParOldGen       total 175104K, used 11786K [0x00000007d0800000, 0x00000007db300000, 0x00000007e5d80000)
  object space 175104K, 6% used [0x00000007d0800000,0x00000007d1382a18,0x00000007db300000)
 Metaspace       used 30219K, capacity 31090K, committed 31360K, reserved 1077248K
  class space    used 4137K, capacity 4379K, committed 4480K, reserved 1048576K
GC Heap History (8 events):
Event: 1.492 GC heap before
{Heap before GC invocations=1 (full 0):
 PSYoungGen      total 76288K, used 65536K [0x00000007e5d80000, 0x00000007eb280000, 0x00000007f0800000)
  eden space 65536K, 100% used [0x00000007e5d80000,0x00000007e9d80000,0x00000007e9d80000)
  from space 10752K, 0% used [0x00000007ea800000,0x00000007ea800000,0x00000007eb280000)
  to   space 10752K, 0% used [0x00000007e9d80000,0x00000007e9d80000,0x00000007ea800000)
 ParOldGen       total 175104K, used 0K [0x00000007d0800000, 0x00000007db300000, 0x00000007e5d80000)
  object space 175104K, 0% used [0x00000007d0800000,0x00000007d0800000,0x00000007db300000)
 Metaspace       used 7990K, capacity 8278K, committed 8320K, reserved 1056768K
  class space    used 1021K, capacity 1141K, committed 1152K, reserved 1048576K
Event: 1.511 GC heap after
Heap after GC invocations=1 (full 0):
 PSYoungGen      total 76288K, used 6525K [0x00000007e5d80000, 0x00000007ef280000, 0x00000007f0800000)
  eden space 65536K, 0% used [0x00000007e5d80000,0x00000007e5d80000,0x00000007e9d80000)
  from space 10752K, 60% used [0x00000007e9d80000,0x00000007ea3df500,0x00000007ea800000)
  to   space 10752K, 0% used [0x00000007ee800000,0x00000007ee800000,0x00000007ef280000)
 ParOldGen       total 175104K, used 16K [0x00000007d0800000, 0x00000007db300000, 0x00000007e5d80000)
  object space 175104K, 0% used [0x00000007d0800000,0x00000007d0804000,0x00000007db300000)
 Metaspace       used 7990K, capacity 8278K, committed 8320K, reserved 1056768K
  class space    used 1021K, capacity 1141K, committed 1152K, reserved 1048576K
}
Event: 2.797 GC heap before
{Heap before GC invocations=2 (full 0):
 PSYoungGen      total 76288K, used 72061K [0x00000007e5d80000, 0x00000007ef280000, 0x00000007f0800000)
  eden space 65536K, 100% used [0x00000007e5d80000,0x00000007e9d80000,0x00000007e9d80000)
  from space 10752K, 60% used [0x00000007e9d80000,0x00000007ea3df500,0x00000007ea800000)
  to   space 10752K, 0% used [0x00000007ee800000,0x00000007ee800000,0x00000007ef280000)
 ParOldGen       total 175104K, used 16K [0x00000007d0800000, 0x00000007db300000, 0x00000007e5d80000)
  object space 175104K, 0% used [0x00000007d0800000,0x00000007d0804000,0x00000007db300000)
 Metaspace       used 15354K, capacity 15924K, committed 16128K, reserved 1062912K
  class space    used 2124K, capacity 2300K, committed 2304K, reserved 1048576K
Event: 2.813 GC heap after
Heap after GC invocations=2 (full 0):
 PSYoungGen      total 141824K, used 9988K [0x00000007e5d80000, 0x00000007ef280000, 0x00000007f0800000)
  eden space 131072K, 0% used [0x00000007e5d80000,0x00000007e5d80000,0x00000007edd80000)
  from space 10752K, 92% used [0x00000007ee800000,0x00000007ef1c1120,0x00000007ef280000)
  to   space 10752K, 0% used [0x00000007edd80000,0x00000007edd80000,0x00000007ee800000)
 ParOldGen       total 175104K, used 24K [0x00000007d0800000, 0x00000007db300000, 0x00000007e5d80000)
  object space 175104K, 0% used [0x00000007d0800000,0x00000007d0806000,0x00000007db300000)
 Metaspace       used 15354K, capacity 15924K, committed 16128K, reserved 1062912K
  class space    used 2124K, capacity 2300K, committed 2304K, reserved 1048576K
}
Event: 4.637 GC heap before
{Heap before GC invocations=3 (full 0):
 PSYoungGen      total 141824K, used 91247K [0x00000007e5d80000, 0x00000007ef280000, 0x00000007f0800000)
  eden space 131072K, 61% used [0x00000007e5d80000,0x00000007eacdac38,0x00000007edd80000)
  from space 10752K, 92% used [0x00000007ee800000,0x00000007ef1c1120,0x00000007ef280000)
  to   space 10752K, 0% used [0x00000007edd80000,0x00000007edd80000,0x00000007ee800000)
 ParOldGen       total 175104K, used 24K [0x00000007d0800000, 0x00000007db300000, 0x00000007e5d80000)
  object space 175104K, 0% used [0x00000007d0800000,0x00000007d0806000,0x00000007db300000)
 Metaspace       used 20605K, capacity 21268K, committed 21296K, reserved 1067008K
  class space    used 2969K, capacity 3190K, committed 3200K, reserved 1048576K
Event: 4.660 GC heap after
Heap after GC invocations=3 (full 0):
 PSYoungGen      total 141824K, used 10742K [0x00000007e5d80000, 0x00000007f0800000, 0x00000007f0800000)
  eden space 131072K, 0% used [0x00000007e5d80000,0x00000007e5d80000,0x00000007edd80000)
  from space 10752K, 99% used [0x00000007edd80000,0x00000007ee7fd870,0x00000007ee800000)
  to   space 10752K, 0% used [0x00000007efd80000,0x00000007efd80000,0x00000007f0800000)
 ParOldGen       total 175104K, used 1473K [0x00000007d0800000, 0x00000007db300000, 0x00000007e5d80000)
  object space 175104K, 0% used [0x00000007d0800000,0x00000007d0970408,0x00000007db300000)
 Metaspace       used 20605K, capacity 21268K, committed 21296K, reserved 1067008K
  class space    used 2969K, capacity 3190K, committed 3200K, reserved 1048576K
}
Event: 4.660 GC heap before
{Heap before GC invocations=4 (full 1):
 PSYoungGen      total 141824K, used 10742K [0x00000007e5d80000, 0x00000007f0800000, 0x00000007f0800000)
  eden space 131072K, 0% used [0x00000007e5d80000,0x00000007e5d80000,0x00000007edd80000)
  from space 10752K, 99% used [0x00000007edd80000,0x00000007ee7fd870,0x00000007ee800000)
  to   space 10752K, 0% used [0x00000007efd80000,0x00000007efd80000,0x00000007f0800000)
 ParOldGen       total 175104K, used 1473K [0x00000007d0800000, 0x00000007db300000, 0x00000007e5d80000)
  object space 175104K, 0% used [0x00000007d0800000,0x00000007d0970408,0x00000007db300000)
 Metaspace       used 20605K, capacity 21268K, committed 21296K, reserved 1067008K
  class space    used 2969K, capacity 3190K, committed 3200K, reserved 1048576K
Event: 4.717 GC heap after
Heap after GC invocations=4 (full 1):
 PSYoungGen      total 141824K, used 0K [0x00000007e5d80000, 0x00000007f0800000, 0x00000007f0800000)
  eden space 131072K, 0% used [0x00000007e5d80000,0x00000007e5d80000,0x00000007edd80000)
  from space 10752K, 0% used [0x00000007edd80000,0x00000007edd80000,0x00000007ee800000)
  to   space 10752K, 0% used [0x00000007efd80000,0x00000007efd80000,0x00000007f0800000)
 ParOldGen       total 175104K, used 11786K [0x00000007d0800000, 0x00000007db300000, 0x00000007e5d80000)
  object space 175104K, 6% used [0x00000007d0800000,0x00000007d1382a18,0x00000007db300000)
 Metaspace       used 20605K, capacity 21268K, committed 21296K, reserved 1067008K
  class space    used 2969K, capacity 3190K, committed 3200K, reserved 1048576K
}

